<?xml version="1.0" encoding="UTF-8"?>
<testsuite xmlns:xsi="http://www.w3.org/2001/XMLSchema-instance" xsi:noNamespaceSchemaLocation="https://maven.apache.org/surefire/maven-surefire-plugin/xsd/surefire-test-report-3.0.xsd" version="3.0" name="TestSuite" time="258.08" tests="4" errors="0" skipped="0" failures="0">
  <properties>
    <property name="sun.desktop" value="windows"/>
    <property name="awt.toolkit" value="sun.awt.windows.WToolkit"/>
    <property name="java.specification.version" value="11"/>
    <property name="webdriver.chrome.driver" value="C:\Users\tejaswinig\Downloads\chromedriver_win32\chromedriver.exe"/>
    <property name="sun.cpu.isalist" value="amd64"/>
    <property name="sun.jnu.encoding" value="Cp1252"/>
    <property name="java.class.path" value="C:\Users\tejaswinig\Downloads\SeleniumTests\target\test-classes;C:\Users\tejaswinig\Downloads\SeleniumTests\target\classes;C:\Users\tejaswinig\.m2\repository\org\testng\testng\6.14.3\testng-6.14.3.jar;C:\Users\tejaswinig\.m2\repository\com\beust\jcommander\1.72\jcommander-1.72.jar;C:\Users\tejaswinig\.m2\repository\org\apache-extras\beanshell\bsh\2.0b6\bsh-2.0b6.jar;C:\Users\tejaswinig\.m2\repository\org\seleniumhq\selenium\selenium-java\3.141.59\selenium-java-3.141.59.jar;C:\Users\tejaswinig\.m2\repository\org\seleniumhq\selenium\selenium-api\3.141.59\selenium-api-3.141.59.jar;C:\Users\tejaswinig\.m2\repository\org\seleniumhq\selenium\selenium-edge-driver\3.141.59\selenium-edge-driver-3.141.59.jar;C:\Users\tejaswinig\.m2\repository\org\seleniumhq\selenium\selenium-ie-driver\3.141.59\selenium-ie-driver-3.141.59.jar;C:\Users\tejaswinig\.m2\repository\org\seleniumhq\selenium\selenium-opera-driver\3.141.59\selenium-opera-driver-3.141.59.jar;C:\Users\tejaswinig\.m2\repository\org\seleniumhq\selenium\selenium-remote-driver\3.141.59\selenium-remote-driver-3.141.59.jar;C:\Users\tejaswinig\.m2\repository\org\seleniumhq\selenium\selenium-safari-driver\3.141.59\selenium-safari-driver-3.141.59.jar;C:\Users\tejaswinig\.m2\repository\org\seleniumhq\selenium\selenium-support\3.141.59\selenium-support-3.141.59.jar;C:\Users\tejaswinig\.m2\repository\net\bytebuddy\byte-buddy\1.8.15\byte-buddy-1.8.15.jar;C:\Users\tejaswinig\.m2\repository\org\apache\commons\commons-exec\1.3\commons-exec-1.3.jar;C:\Users\tejaswinig\.m2\repository\com\google\guava\guava\25.0-jre\guava-25.0-jre.jar;C:\Users\tejaswinig\.m2\repository\com\google\code\findbugs\jsr305\1.3.9\jsr305-1.3.9.jar;C:\Users\tejaswinig\.m2\repository\org\checkerframework\checker-compat-qual\2.0.0\checker-compat-qual-2.0.0.jar;C:\Users\tejaswinig\.m2\repository\com\google\errorprone\error_prone_annotations\2.1.3\error_prone_annotations-2.1.3.jar;C:\Users\tejaswinig\.m2\repository\com\google\j2objc\j2objc-annotations\1.1\j2objc-annotations-1.1.jar;C:\Users\tejaswinig\.m2\repository\org\codehaus\mojo\animal-sniffer-annotations\1.14\animal-sniffer-annotations-1.14.jar;C:\Users\tejaswinig\.m2\repository\com\squareup\okhttp3\okhttp\3.11.0\okhttp-3.11.0.jar;C:\Users\tejaswinig\.m2\repository\com\squareup\okio\okio\1.14.0\okio-1.14.0.jar;C:\Users\tejaswinig\.m2\repository\org\seleniumhq\selenium\selenium-chrome-driver\3.141.59\selenium-chrome-driver-3.141.59.jar;C:\Users\tejaswinig\.m2\repository\org\seleniumhq\selenium\selenium-firefox-driver\3.141.59\selenium-firefox-driver-3.141.59.jar;"/>
    <property name="java.vm.vendor" value="Eclipse Adoptium"/>
    <property name="sun.arch.data.model" value="64"/>
    <property name="user.variant" value=""/>
    <property name="java.vendor.url" value="https://adoptium.net/"/>
    <property name="user.timezone" value="Asia/Calcutta"/>
    <property name="java.vm.specification.version" value="11"/>
    <property name="os.name" value="Windows 11"/>
    <property name="sun.java.launcher" value="SUN_STANDARD"/>
    <property name="user.country" value="IN"/>
    <property name="sun.boot.library.path" value="C:\Program Files\Eclipse Adoptium\jdk-11.0.14.101-hotspot\bin"/>
    <property name="sun.java.command" value="C:\Users\tejaswinig\AppData\Local\Temp\surefire7666236150025671638\surefirebooter3543573685657897701.jar C:\Users\tejaswinig\AppData\Local\Temp\surefire7666236150025671638 2022-04-14T10-57-33_330-jvmRun1 surefire4724486573827984863tmp surefire_015654760504454568987tmp"/>
    <property name="jdk.debug" value="release"/>
    <property name="surefire.test.class.path" value="C:\Users\tejaswinig\Downloads\SeleniumTests\target\test-classes;C:\Users\tejaswinig\Downloads\SeleniumTests\target\classes;C:\Users\tejaswinig\.m2\repository\org\testng\testng\6.14.3\testng-6.14.3.jar;C:\Users\tejaswinig\.m2\repository\com\beust\jcommander\1.72\jcommander-1.72.jar;C:\Users\tejaswinig\.m2\repository\org\apache-extras\beanshell\bsh\2.0b6\bsh-2.0b6.jar;C:\Users\tejaswinig\.m2\repository\org\seleniumhq\selenium\selenium-java\3.141.59\selenium-java-3.141.59.jar;C:\Users\tejaswinig\.m2\repository\org\seleniumhq\selenium\selenium-api\3.141.59\selenium-api-3.141.59.jar;C:\Users\tejaswinig\.m2\repository\org\seleniumhq\selenium\selenium-edge-driver\3.141.59\selenium-edge-driver-3.141.59.jar;C:\Users\tejaswinig\.m2\repository\org\seleniumhq\selenium\selenium-ie-driver\3.141.59\selenium-ie-driver-3.141.59.jar;C:\Users\tejaswinig\.m2\repository\org\seleniumhq\selenium\selenium-opera-driver\3.141.59\selenium-opera-driver-3.141.59.jar;C:\Users\tejaswinig\.m2\repository\org\seleniumhq\selenium\selenium-remote-driver\3.141.59\selenium-remote-driver-3.141.59.jar;C:\Users\tejaswinig\.m2\repository\org\seleniumhq\selenium\selenium-safari-driver\3.141.59\selenium-safari-driver-3.141.59.jar;C:\Users\tejaswinig\.m2\repository\org\seleniumhq\selenium\selenium-support\3.141.59\selenium-support-3.141.59.jar;C:\Users\tejaswinig\.m2\repository\net\bytebuddy\byte-buddy\1.8.15\byte-buddy-1.8.15.jar;C:\Users\tejaswinig\.m2\repository\org\apache\commons\commons-exec\1.3\commons-exec-1.3.jar;C:\Users\tejaswinig\.m2\repository\com\google\guava\guava\25.0-jre\guava-25.0-jre.jar;C:\Users\tejaswinig\.m2\repository\com\google\code\findbugs\jsr305\1.3.9\jsr305-1.3.9.jar;C:\Users\tejaswinig\.m2\repository\org\checkerframework\checker-compat-qual\2.0.0\checker-compat-qual-2.0.0.jar;C:\Users\tejaswinig\.m2\repository\com\google\errorprone\error_prone_annotations\2.1.3\error_prone_annotations-2.1.3.jar;C:\Users\tejaswinig\.m2\repository\com\google\j2objc\j2objc-annotations\1.1\j2objc-annotations-1.1.jar;C:\Users\tejaswinig\.m2\repository\org\codehaus\mojo\animal-sniffer-annotations\1.14\animal-sniffer-annotations-1.14.jar;C:\Users\tejaswinig\.m2\repository\com\squareup\okhttp3\okhttp\3.11.0\okhttp-3.11.0.jar;C:\Users\tejaswinig\.m2\repository\com\squareup\okio\okio\1.14.0\okio-1.14.0.jar;C:\Users\tejaswinig\.m2\repository\org\seleniumhq\selenium\selenium-chrome-driver\3.141.59\selenium-chrome-driver-3.141.59.jar;C:\Users\tejaswinig\.m2\repository\org\seleniumhq\selenium\selenium-firefox-driver\3.141.59\selenium-firefox-driver-3.141.59.jar;"/>
    <property name="sun.cpu.endian" value="little"/>
    <property name="user.home" value="C:\Users\tejaswinig"/>
    <property name="user.language" value="en"/>
    <property name="java.specification.vendor" value="Oracle Corporation"/>
    <property name="java.version.date" value="2022-02-08"/>
    <property name="java.home" value="C:\Program Files\Eclipse Adoptium\jdk-11.0.14.101-hotspot"/>
    <property name="file.separator" value="\"/>
    <property name="basedir" value="C:\Users\tejaswinig\Downloads\SeleniumTests"/>
    <property name="java.vm.compressedOopsMode" value="Zero based"/>
    <property name="line.separator" value="&#10;"/>
    <property name="java.specification.name" value="Java Platform API Specification"/>
    <property name="java.vm.specification.vendor" value="Oracle Corporation"/>
    <property name="java.awt.graphicsenv" value="sun.awt.Win32GraphicsEnvironment"/>
    <property name="surefire.real.class.path" value="C:\Users\tejaswinig\AppData\Local\Temp\surefire7666236150025671638\surefirebooter3543573685657897701.jar"/>
    <property name="user.script" value=""/>
    <property name="sun.management.compiler" value="HotSpot 64-Bit Tiered Compilers"/>
    <property name="java.runtime.version" value="11.0.14.1+1"/>
    <property name="user.name" value="tejaswinig"/>
    <property name="path.separator" value=";"/>
    <property name="os.version" value="10.0"/>
    <property name="java.runtime.name" value="OpenJDK Runtime Environment"/>
    <property name="file.encoding" value="Cp1252"/>
    <property name="java.vm.name" value="OpenJDK 64-Bit Server VM"/>
    <property name="java.vendor.version" value="Temurin-11.0.14.1+1"/>
    <property name="localRepository" value="C:\Users\tejaswinig\.m2\repository"/>
    <property name="java.vendor.url.bug" value="https://github.com/adoptium/adoptium-support/issues"/>
    <property name="java.io.tmpdir" value="C:\Users\TEJASW~1\AppData\Local\Temp\"/>
    <property name="java.version" value="11.0.14.1"/>
    <property name="user.dir" value="C:\Users\tejaswinig\Downloads\SeleniumTests"/>
    <property name="os.arch" value="amd64"/>
    <property name="java.vm.specification.name" value="Java Virtual Machine Specification"/>
    <property name="java.awt.printerjob" value="sun.awt.windows.WPrinterJob"/>
    <property name="sun.os.patch.level" value=""/>
    <property name="java.library.path" value="C:\Program Files\Eclipse Adoptium\jdk-11.0.14.101-hotspot\bin;C:\Windows\Sun\Java\bin;C:\Windows\system32;C:\Windows;C:\Program Files\Eclipse Adoptium\jdk-11.0.14.101-hotspot\bin;C:\Windows\system32;C:\Windows;C:\Windows\System32\Wbem;C:\Windows\System32\WindowsPowerShell\v1.0\;C:\Windows\System32\OpenSSH\;C:\Program Files\Docker\Docker\resources\bin;C:\ProgramData\DockerDesktop\version-bin;C:\Program Files\Git\cmd;%MAVEN_HOME%\bin\;C:\Program Files\Eclipse Adoptium\jdk-11.0.14.101-hotspot\bin;C:\Program Files\dotnet\;C:\Program Files\MySQL\MySQL Shell 8.0\bin\;C:\Users\tejaswinig\AppData\Local\Microsoft\WindowsApps;C:\Users\tejaswinig\AppData\Local\Programs\Microsoft VS Code\bin;C:\Users\tejaswinig\Downloads\apache-maven-3.8.5-bin\apache-maven-3.8.5\bin\;C:\Program Files\Eclipse Adoptium\jdk-11.0.14.101-hotspot\bin\;;."/>
    <property name="java.vm.info" value="mixed mode"/>
    <property name="java.vendor" value="Eclipse Adoptium"/>
    <property name="java.vm.version" value="11.0.14.1+1"/>
    <property name="sun.io.unicode.encoding" value="UnicodeLittle"/>
    <property name="java.class.version" value="55.0"/>
  </properties>
  <testcase name="addToCart" classname="WaveKart" time="5.542">
    <system-out><![CDATA[[TestNGContentHandler] [WARN] It is strongly recommended to add "<!DOCTYPE suite SYSTEM "http://testng.org/testng-1.0.dtd" >" at the top of your file, otherwise TestNG may fail or not work as expected.
[TestNG] RUNNING: Suite: "Test1" containing "10" Tests (config: C:\Users\tejaswinig\Downloads\SeleniumTests\src\test\resources\sanitysuite.xml)
[TestNG] INVOKING CONFIGURATION: "Test1" - @BeforeTest AnnotationMethods.launchDriver()
Inside Before Test
[TestNG] PASSED CONFIGURATION: "Test1" - @BeforeTest AnnotationMethods.launchDriver() finished in 1983 ms
[TestNG] INVOKING: "Test1" - WaveKart.addToCart()
http://pkhw22ds2xds.cloud.wavemakeronline.com/WaveKart/#/Products?Id=1
]]></system-out>
    <system-err><![CDATA[Starting ChromeDriver 100.0.4896.60 (6a5d10861ce8de5fce22564658033b43cb7de047-refs/branch-heads/4896@{#875}) on port 10028
Only local connections are allowed.
Please see https://chromedriver.chromium.org/security-considerations for suggestions on keeping ChromeDriver safe.
ChromeDriver was started successfully.
Apr 14, 2022 10:57:37 AM org.openqa.selenium.remote.ProtocolHandshake createSession
INFO: Detected dialect: W3C
]]></system-err>
  </testcase>
  <testcase name="allProducts" classname="WaveKart" time="1.784">
    <system-out><![CDATA[[TestNG] PASSED: "Test1" - WaveKart.addToCart() finished in 5539 ms
[TestNG] INVOKING: "Test1" - WaveKart.allProducts()
]]></system-out>
  </testcase>
  <testcase name="checkIfSortedLowToHigh" classname="WaveKart" time="3.168">
    <system-out><![CDATA[[TestNG] PASSED: "Test1" - WaveKart.allProducts() finished in 1801 ms
[TestNG] INVOKING: "Test1" - WaveKart.cancelOrder()
[TestNG] FAILED: "Test1" - WaveKart.cancelOrder() finished in 31568 ms
[TestNG] org.openqa.selenium.NoSuchElementException: no such element: Unable to locate element: {"method":"xpath","selector":"//a[@name='Login']"}
[TestNG]   (Session info: chrome=100.0.4896.75)
[TestNG] For documentation on this error, please visit: https://www.seleniumhq.org/exceptions/no_such_element.html
[TestNG] Build info: version: '3.141.59', revision: 'e82be7d358', time: '2018-11-14T08:17:03'
[TestNG] System info: host: 'PSPLHYLTDL0065', ip: '172.16.3.145', os.name: 'Windows 11', os.arch: 'amd64', os.version: '10.0', java.version: '11.0.14.1'
[TestNG] Driver info: org.openqa.selenium.chrome.ChromeDriver
[TestNG] Capabilities {acceptInsecureCerts: false, browserName: chrome, browserVersion: 100.0.4896.75, chrome: {chromedriverVersion: 100.0.4896.60 (6a5d10861ce8..., userDataDir: C:\Users\TEJASW~1\AppData\L...}, goog:chromeOptions: {debuggerAddress: localhost:63424}, javascriptEnabled: true, networkConnectionEnabled: false, pageLoadStrategy: normal, platform: WINDOWS, platformName: WINDOWS, proxy: Proxy(), setWindowRect: true, strictFileInteractability: false, timeouts: {implicit: 0, pageLoad: 300000, script: 30000}, unhandledPromptBehavior: dismiss and notify, webauthn:extension:credBlob: true, webauthn:extension:largeBlob: true, webauthn:virtualAuthenticators: true}
[TestNG] Session ID: 5ee7e031b85c9442de8bfa9d4319050e
[TestNG] *** Element info: {Using=xpath, value=//a[@name='Login']}
[TestNG] 	at java.base/jdk.internal.reflect.NativeConstructorAccessorImpl.newInstance0(Native Method)
[TestNG] 	at java.base/jdk.internal.reflect.NativeConstructorAccessorImpl.newInstance(NativeConstructorAccessorImpl.java:62)
[TestNG] 	at java.base/jdk.internal.reflect.DelegatingConstructorAccessorImpl.newInstance(DelegatingConstructorAccessorImpl.java:45)
[TestNG] 	at java.base/java.lang.reflect.Constructor.newInstance(Constructor.java:490)
[TestNG] 	at org.openqa.selenium.remote.http.W3CHttpResponseCodec.createException(W3CHttpResponseCodec.java:187)
[TestNG] 	at org.openqa.selenium.remote.http.W3CHttpResponseCodec.decode(W3CHttpResponseCodec.java:122)
[TestNG] 	at org.openqa.selenium.remote.http.W3CHttpResponseCodec.decode(W3CHttpResponseCodec.java:49)
[TestNG] 	at org.openqa.selenium.remote.HttpCommandExecutor.execute(HttpCommandExecutor.java:158)
[TestNG] 	at org.openqa.selenium.remote.service.DriverCommandExecutor.execute(DriverCommandExecutor.java:83)
[TestNG] 	at org.openqa.selenium.remote.RemoteWebDriver.execute(RemoteWebDriver.java:552)
[TestNG] 	at org.openqa.selenium.remote.RemoteWebDriver.findElement(RemoteWebDriver.java:323)
[TestNG] 	at org.openqa.selenium.remote.RemoteWebDriver.findElementByXPath(RemoteWebDriver.java:428)
[TestNG] 	at org.openqa.selenium.By$ByXPath.findElement(By.java:353)
[TestNG] 	at org.openqa.selenium.remote.RemoteWebDriver.findElement(RemoteWebDriver.java:315)
[TestNG] 	at WaveKart.cancelOrder(WaveKart.java:230)
[TestNG] 	at java.base/jdk.internal.reflect.NativeMethodAccessorImpl.invoke0(Native Method)
[TestNG] 	at java.base/jdk.internal.reflect.NativeMethodAccessorImpl.invoke(NativeMethodAccessorImpl.java:62)
[TestNG] 	at java.base/jdk.internal.reflect.DelegatingMethodAccessorImpl.invoke(DelegatingMethodAccessorImpl.java:43)
[TestNG] 	at java.base/java.lang.reflect.Method.invoke(Method.java:566)
[TestNG] 	at org.testng.internal.MethodInvocationHelper.invokeMethod(MethodInvocationHelper.java:124)
[TestNG] 	at org.testng.internal.Invoker.invokeMethod(Invoker.java:583)
[TestNG] 	at org.testng.internal.Invoker.invokeTestMethod(Invoker.java:719)
[TestNG] 	at org.testng.internal.Invoker.invokeTestMethods(Invoker.java:989)
[TestNG] 	at org.testng.internal.TestMethodWorker.invokeTestMethods(TestMethodWorker.java:125)
[TestNG] 	at org.testng.internal.TestMethodWorker.run(TestMethodWorker.java:109)
[TestNG] 	at org.testng.TestRunner.privateRun(TestRunner.java:648)
[TestNG] 	at org.testng.TestRunner.run(TestRunner.java:505)
[TestNG] 	at org.testng.SuiteRunner.runTest(SuiteRunner.java:455)
[TestNG] 	at org.testng.SuiteRunner.runSequentially(SuiteRunner.java:450)
[TestNG] 	at org.testng.SuiteRunner.privateRun(SuiteRunner.java:415)
[TestNG] 	at org.testng.SuiteRunner.run(SuiteRunner.java:364)
[TestNG] 	at org.testng.SuiteRunnerWorker.runSuite(SuiteRunnerWorker.java:52)
[TestNG] 	at org.testng.SuiteRunnerWorker.run(SuiteRunnerWorker.java:84)
[TestNG] 	at org.testng.TestNG.runSuitesSequentially(TestNG.java:1208)
[TestNG] 	at org.testng.TestNG.runSuitesLocally(TestNG.java:1137)
[TestNG] 	at org.testng.TestNG.runSuites(TestNG.java:1049)
[TestNG] 	at org.testng.TestNG.run(TestNG.java:1017)
[TestNG] 	at org.apache.maven.surefire.testng.TestNGExecutor.run(TestNGExecutor.java:324)
[TestNG] 	at org.apache.maven.surefire.testng.TestNGXmlTestSuite.execute(TestNGXmlTestSuite.java:74)
[TestNG] 	at org.apache.maven.surefire.testng.TestNGProvider.invoke(TestNGProvider.java:123)
[TestNG] 	at org.apache.maven.surefire.booter.ForkedBooter.runSuitesInProcess(ForkedBooter.java:456)
[TestNG] 	at org.apache.maven.surefire.booter.ForkedBooter.execute(ForkedBooter.java:169)
[TestNG] 	at org.apache.maven.surefire.booter.ForkedBooter.run(ForkedBooter.java:595)
[TestNG] 	at org.apache.maven.surefire.booter.ForkedBooter.main(ForkedBooter.java:581)
[TestNG] INVOKING: "Test1" - WaveKart.checkBoxForOutOfStock()
[TestNG] FAILED: "Test1" - WaveKart.checkBoxForOutOfStock() finished in 1084 ms
[TestNG] org.openqa.selenium.WebDriverException: unknown error: failed to change window state to 'normal', current state is 'maximized'
[TestNG]   (Session info: chrome=100.0.4896.75)
[TestNG] Build info: version: '3.141.59', revision: 'e82be7d358', time: '2018-11-14T08:17:03'
[TestNG] System info: host: 'PSPLHYLTDL0065', ip: '172.16.3.145', os.name: 'Windows 11', os.arch: 'amd64', os.version: '10.0', java.version: '11.0.14.1'
[TestNG] Driver info: org.openqa.selenium.chrome.ChromeDriver
[TestNG] Capabilities {acceptInsecureCerts: false, browserName: chrome, browserVersion: 100.0.4896.75, chrome: {chromedriverVersion: 100.0.4896.60 (6a5d10861ce8..., userDataDir: C:\Users\TEJASW~1\AppData\L...}, goog:chromeOptions: {debuggerAddress: localhost:63424}, javascriptEnabled: true, networkConnectionEnabled: false, pageLoadStrategy: normal, platform: WINDOWS, platformName: WINDOWS, proxy: Proxy(), setWindowRect: true, strictFileInteractability: false, timeouts: {implicit: 0, pageLoad: 300000, script: 30000}, unhandledPromptBehavior: dismiss and notify, webauthn:extension:credBlob: true, webauthn:extension:largeBlob: true, webauthn:virtualAuthenticators: true}
[TestNG] Session ID: 5ee7e031b85c9442de8bfa9d4319050e
[TestNG] 	at java.base/jdk.internal.reflect.NativeConstructorAccessorImpl.newInstance0(Native Method)
[TestNG] 	at java.base/jdk.internal.reflect.NativeConstructorAccessorImpl.newInstance(NativeConstructorAccessorImpl.java:62)
[TestNG] 	at java.base/jdk.internal.reflect.DelegatingConstructorAccessorImpl.newInstance(DelegatingConstructorAccessorImpl.java:45)
[TestNG] 	at java.base/java.lang.reflect.Constructor.newInstance(Constructor.java:490)
[TestNG] 	at org.openqa.selenium.remote.http.W3CHttpResponseCodec.createException(W3CHttpResponseCodec.java:187)
[TestNG] 	at org.openqa.selenium.remote.http.W3CHttpResponseCodec.decode(W3CHttpResponseCodec.java:122)
[TestNG] 	at org.openqa.selenium.remote.http.W3CHttpResponseCodec.decode(W3CHttpResponseCodec.java:49)
[TestNG] 	at org.openqa.selenium.remote.HttpCommandExecutor.execute(HttpCommandExecutor.java:158)
[TestNG] 	at org.openqa.selenium.remote.service.DriverCommandExecutor.execute(DriverCommandExecutor.java:83)
[TestNG] 	at org.openqa.selenium.remote.RemoteWebDriver.execute(RemoteWebDriver.java:552)
[TestNG] 	at org.openqa.selenium.remote.RemoteWebDriver.execute(RemoteWebDriver.java:609)
[TestNG] 	at org.openqa.selenium.remote.RemoteWebDriver$RemoteWebDriverOptions$RemoteWindow.maximize(RemoteWebDriver.java:837)
[TestNG] 	at WaveKart.checkBoxForOutOfStock(WaveKart.java:71)
[TestNG] 	at java.base/jdk.internal.reflect.NativeMethodAccessorImpl.invoke0(Native Method)
[TestNG] 	at java.base/jdk.internal.reflect.NativeMethodAccessorImpl.invoke(NativeMethodAccessorImpl.java:62)
[TestNG] 	at java.base/jdk.internal.reflect.DelegatingMethodAccessorImpl.invoke(DelegatingMethodAccessorImpl.java:43)
[TestNG] 	at java.base/java.lang.reflect.Method.invoke(Method.java:566)
[TestNG] 	at org.testng.internal.MethodInvocationHelper.invokeMethod(MethodInvocationHelper.java:124)
[TestNG] 	at org.testng.internal.Invoker.invokeMethod(Invoker.java:583)
[TestNG] 	at org.testng.internal.Invoker.invokeTestMethod(Invoker.java:719)
[TestNG] 	at org.testng.internal.Invoker.invokeTestMethods(Invoker.java:989)
[TestNG] 	at org.testng.internal.TestMethodWorker.invokeTestMethods(TestMethodWorker.java:125)
[TestNG] 	at org.testng.internal.TestMethodWorker.run(TestMethodWorker.java:109)
[TestNG] 	at org.testng.TestRunner.privateRun(TestRunner.java:648)
[TestNG] 	at org.testng.TestRunner.run(TestRunner.java:505)
[TestNG] 	at org.testng.SuiteRunner.runTest(SuiteRunner.java:455)
[TestNG] 	at org.testng.SuiteRunner.runSequentially(SuiteRunner.java:450)
[TestNG] 	at org.testng.SuiteRunner.privateRun(SuiteRunner.java:415)
[TestNG] 	at org.testng.SuiteRunner.run(SuiteRunner.java:364)
[TestNG] 	at org.testng.SuiteRunnerWorker.runSuite(SuiteRunnerWorker.java:52)
[TestNG] 	at org.testng.SuiteRunnerWorker.run(SuiteRunnerWorker.java:84)
[TestNG] 	at org.testng.TestNG.runSuitesSequentially(TestNG.java:1208)
[TestNG] 	at org.testng.TestNG.runSuitesLocally(TestNG.java:1137)
[TestNG] 	at org.testng.TestNG.runSuites(TestNG.java:1049)
[TestNG] 	at org.testng.TestNG.run(TestNG.java:1017)
[TestNG] 	at org.apache.maven.surefire.testng.TestNGExecutor.run(TestNGExecutor.java:324)
[TestNG] 	at org.apache.maven.surefire.testng.TestNGXmlTestSuite.execute(TestNGXmlTestSuite.java:74)
[TestNG] 	at org.apache.maven.surefire.testng.TestNGProvider.invoke(TestNGProvider.java:123)
[TestNG] 	at org.apache.maven.surefire.booter.ForkedBooter.runSuitesInProcess(ForkedBooter.java:456)
[TestNG] 	at org.apache.maven.surefire.booter.ForkedBooter.execute(ForkedBooter.java:169)
[TestNG] 	at org.apache.maven.surefire.booter.ForkedBooter.run(ForkedBooter.java:595)
[TestNG] 	at org.apache.maven.surefire.booter.ForkedBooter.main(ForkedBooter.java:581)
[TestNG] INVOKING: "Test1" - WaveKart.checkIfSortedLowToHigh()
[]
YES PRODUCTS ARE SORTED LOW TO HIGH ACCORDING TO PRICE
]]></system-out>
  </testcase>
  <testcase name="sortHighToLow" classname="WaveKart" time="2.66">
    <system-out><![CDATA[[TestNG] PASSED: "Test1" - WaveKart.checkIfSortedLowToHigh() finished in 3480 ms
[TestNG] INVOKING: "Test1" - WaveKart.logOut()
[TestNG] FAILED: "Test1" - WaveKart.logOut() finished in 101301 ms
[TestNG] org.openqa.selenium.NoSuchElementException: no such element: Unable to locate element: {"method":"xpath","selector":"//a[@name='Login']"}
[TestNG]   (Session info: chrome=100.0.4896.75)
[TestNG] For documentation on this error, please visit: https://www.seleniumhq.org/exceptions/no_such_element.html
[TestNG] Build info: version: '3.141.59', revision: 'e82be7d358', time: '2018-11-14T08:17:03'
[TestNG] System info: host: 'PSPLHYLTDL0065', ip: '172.16.3.145', os.name: 'Windows 11', os.arch: 'amd64', os.version: '10.0', java.version: '11.0.14.1'
[TestNG] Driver info: org.openqa.selenium.chrome.ChromeDriver
[TestNG] Capabilities {acceptInsecureCerts: false, browserName: chrome, browserVersion: 100.0.4896.75, chrome: {chromedriverVersion: 100.0.4896.60 (6a5d10861ce8..., userDataDir: C:\Users\TEJASW~1\AppData\L...}, goog:chromeOptions: {debuggerAddress: localhost:63424}, javascriptEnabled: true, networkConnectionEnabled: false, pageLoadStrategy: normal, platform: WINDOWS, platformName: WINDOWS, proxy: Proxy(), setWindowRect: true, strictFileInteractability: false, timeouts: {implicit: 0, pageLoad: 300000, script: 30000}, unhandledPromptBehavior: dismiss and notify, webauthn:extension:credBlob: true, webauthn:extension:largeBlob: true, webauthn:virtualAuthenticators: true}
[TestNG] Session ID: 5ee7e031b85c9442de8bfa9d4319050e
[TestNG] *** Element info: {Using=xpath, value=//a[@name='Login']}
[TestNG] 	at java.base/jdk.internal.reflect.NativeConstructorAccessorImpl.newInstance0(Native Method)
[TestNG] 	at java.base/jdk.internal.reflect.NativeConstructorAccessorImpl.newInstance(NativeConstructorAccessorImpl.java:62)
[TestNG] 	at java.base/jdk.internal.reflect.DelegatingConstructorAccessorImpl.newInstance(DelegatingConstructorAccessorImpl.java:45)
[TestNG] 	at java.base/java.lang.reflect.Constructor.newInstance(Constructor.java:490)
[TestNG] 	at org.openqa.selenium.remote.http.W3CHttpResponseCodec.createException(W3CHttpResponseCodec.java:187)
[TestNG] 	at org.openqa.selenium.remote.http.W3CHttpResponseCodec.decode(W3CHttpResponseCodec.java:122)
[TestNG] 	at org.openqa.selenium.remote.http.W3CHttpResponseCodec.decode(W3CHttpResponseCodec.java:49)
[TestNG] 	at org.openqa.selenium.remote.HttpCommandExecutor.execute(HttpCommandExecutor.java:158)
[TestNG] 	at org.openqa.selenium.remote.service.DriverCommandExecutor.execute(DriverCommandExecutor.java:83)
[TestNG] 	at org.openqa.selenium.remote.RemoteWebDriver.execute(RemoteWebDriver.java:552)
[TestNG] 	at org.openqa.selenium.remote.RemoteWebDriver.findElement(RemoteWebDriver.java:323)
[TestNG] 	at org.openqa.selenium.remote.RemoteWebDriver.findElementByXPath(RemoteWebDriver.java:428)
[TestNG] 	at org.openqa.selenium.By$ByXPath.findElement(By.java:353)
[TestNG] 	at org.openqa.selenium.remote.RemoteWebDriver.findElement(RemoteWebDriver.java:315)
[TestNG] 	at WaveKart.logOut(WaveKart.java:257)
[TestNG] 	at java.base/jdk.internal.reflect.NativeMethodAccessorImpl.invoke0(Native Method)
[TestNG] 	at java.base/jdk.internal.reflect.NativeMethodAccessorImpl.invoke(NativeMethodAccessorImpl.java:62)
[TestNG] 	at java.base/jdk.internal.reflect.DelegatingMethodAccessorImpl.invoke(DelegatingMethodAccessorImpl.java:43)
[TestNG] 	at java.base/java.lang.reflect.Method.invoke(Method.java:566)
[TestNG] 	at org.testng.internal.MethodInvocationHelper.invokeMethod(MethodInvocationHelper.java:124)
[TestNG] 	at org.testng.internal.Invoker.invokeMethod(Invoker.java:583)
[TestNG] 	at org.testng.internal.Invoker.invokeTestMethod(Invoker.java:719)
[TestNG] 	at org.testng.internal.Invoker.invokeTestMethods(Invoker.java:989)
[TestNG] 	at org.testng.internal.TestMethodWorker.invokeTestMethods(TestMethodWorker.java:125)
[TestNG] 	at org.testng.internal.TestMethodWorker.run(TestMethodWorker.java:109)
[TestNG] 	at org.testng.TestRunner.privateRun(TestRunner.java:648)
[TestNG] 	at org.testng.TestRunner.run(TestRunner.java:505)
[TestNG] 	at org.testng.SuiteRunner.runTest(SuiteRunner.java:455)
[TestNG] 	at org.testng.SuiteRunner.runSequentially(SuiteRunner.java:450)
[TestNG] 	at org.testng.SuiteRunner.privateRun(SuiteRunner.java:415)
[TestNG] 	at org.testng.SuiteRunner.run(SuiteRunner.java:364)
[TestNG] 	at org.testng.SuiteRunnerWorker.runSuite(SuiteRunnerWorker.java:52)
[TestNG] 	at org.testng.SuiteRunnerWorker.run(SuiteRunnerWorker.java:84)
[TestNG] 	at org.testng.TestNG.runSuitesSequentially(TestNG.java:1208)
[TestNG] 	at org.testng.TestNG.runSuitesLocally(TestNG.java:1137)
[TestNG] 	at org.testng.TestNG.runSuites(TestNG.java:1049)
[TestNG] 	at org.testng.TestNG.run(TestNG.java:1017)
[TestNG] 	at org.apache.maven.surefire.testng.TestNGExecutor.run(TestNGExecutor.java:324)
[TestNG] 	at org.apache.maven.surefire.testng.TestNGXmlTestSuite.execute(TestNGXmlTestSuite.java:74)
[TestNG] 	at org.apache.maven.surefire.testng.TestNGProvider.invoke(TestNGProvider.java:123)
[TestNG] 	at org.apache.maven.surefire.booter.ForkedBooter.runSuitesInProcess(ForkedBooter.java:456)
[TestNG] 	at org.apache.maven.surefire.booter.ForkedBooter.execute(ForkedBooter.java:169)
[TestNG] 	at org.apache.maven.surefire.booter.ForkedBooter.run(ForkedBooter.java:595)
[TestNG] 	at org.apache.maven.surefire.booter.ForkedBooter.main(ForkedBooter.java:581)
[TestNG] INVOKING: "Test1" - WaveKart.login()
[TestNG] FAILED: "Test1" - WaveKart.login() finished in 1534 ms
[TestNG] org.openqa.selenium.WebDriverException: unknown error: failed to change window state to 'normal', current state is 'maximized'
[TestNG]   (Session info: chrome=100.0.4896.75)
[TestNG] Build info: version: '3.141.59', revision: 'e82be7d358', time: '2018-11-14T08:17:03'
[TestNG] System info: host: 'PSPLHYLTDL0065', ip: '172.16.3.145', os.name: 'Windows 11', os.arch: 'amd64', os.version: '10.0', java.version: '11.0.14.1'
[TestNG] Driver info: org.openqa.selenium.chrome.ChromeDriver
[TestNG] Capabilities {acceptInsecureCerts: false, browserName: chrome, browserVersion: 100.0.4896.75, chrome: {chromedriverVersion: 100.0.4896.60 (6a5d10861ce8..., userDataDir: C:\Users\TEJASW~1\AppData\L...}, goog:chromeOptions: {debuggerAddress: localhost:63424}, javascriptEnabled: true, networkConnectionEnabled: false, pageLoadStrategy: normal, platform: WINDOWS, platformName: WINDOWS, proxy: Proxy(), setWindowRect: true, strictFileInteractability: false, timeouts: {implicit: 0, pageLoad: 300000, script: 30000}, unhandledPromptBehavior: dismiss and notify, webauthn:extension:credBlob: true, webauthn:extension:largeBlob: true, webauthn:virtualAuthenticators: true}
[TestNG] Session ID: 5ee7e031b85c9442de8bfa9d4319050e
[TestNG] 	at java.base/jdk.internal.reflect.NativeConstructorAccessorImpl.newInstance0(Native Method)
[TestNG] 	at java.base/jdk.internal.reflect.NativeConstructorAccessorImpl.newInstance(NativeConstructorAccessorImpl.java:62)
[TestNG] 	at java.base/jdk.internal.reflect.DelegatingConstructorAccessorImpl.newInstance(DelegatingConstructorAccessorImpl.java:45)
[TestNG] 	at java.base/java.lang.reflect.Constructor.newInstance(Constructor.java:490)
[TestNG] 	at org.openqa.selenium.remote.http.W3CHttpResponseCodec.createException(W3CHttpResponseCodec.java:187)
[TestNG] 	at org.openqa.selenium.remote.http.W3CHttpResponseCodec.decode(W3CHttpResponseCodec.java:122)
[TestNG] 	at org.openqa.selenium.remote.http.W3CHttpResponseCodec.decode(W3CHttpResponseCodec.java:49)
[TestNG] 	at org.openqa.selenium.remote.HttpCommandExecutor.execute(HttpCommandExecutor.java:158)
[TestNG] 	at org.openqa.selenium.remote.service.DriverCommandExecutor.execute(DriverCommandExecutor.java:83)
[TestNG] 	at org.openqa.selenium.remote.RemoteWebDriver.execute(RemoteWebDriver.java:552)
[TestNG] 	at org.openqa.selenium.remote.RemoteWebDriver.execute(RemoteWebDriver.java:609)
[TestNG] 	at org.openqa.selenium.remote.RemoteWebDriver$RemoteWebDriverOptions$RemoteWindow.maximize(RemoteWebDriver.java:837)
[TestNG] 	at WaveKart.login(WaveKart.java:18)
[TestNG] 	at java.base/jdk.internal.reflect.NativeMethodAccessorImpl.invoke0(Native Method)
[TestNG] 	at java.base/jdk.internal.reflect.NativeMethodAccessorImpl.invoke(NativeMethodAccessorImpl.java:62)
[TestNG] 	at java.base/jdk.internal.reflect.DelegatingMethodAccessorImpl.invoke(DelegatingMethodAccessorImpl.java:43)
[TestNG] 	at java.base/java.lang.reflect.Method.invoke(Method.java:566)
[TestNG] 	at org.testng.internal.MethodInvocationHelper.invokeMethod(MethodInvocationHelper.java:124)
[TestNG] 	at org.testng.internal.Invoker.invokeMethod(Invoker.java:583)
[TestNG] 	at org.testng.internal.Invoker.invokeTestMethod(Invoker.java:719)
[TestNG] 	at org.testng.internal.Invoker.invokeTestMethods(Invoker.java:989)
[TestNG] 	at org.testng.internal.TestMethodWorker.invokeTestMethods(TestMethodWorker.java:125)
[TestNG] 	at org.testng.internal.TestMethodWorker.run(TestMethodWorker.java:109)
[TestNG] 	at org.testng.TestRunner.privateRun(TestRunner.java:648)
[TestNG] 	at org.testng.TestRunner.run(TestRunner.java:505)
[TestNG] 	at org.testng.SuiteRunner.runTest(SuiteRunner.java:455)
[TestNG] 	at org.testng.SuiteRunner.runSequentially(SuiteRunner.java:450)
[TestNG] 	at org.testng.SuiteRunner.privateRun(SuiteRunner.java:415)
[TestNG] 	at org.testng.SuiteRunner.run(SuiteRunner.java:364)
[TestNG] 	at org.testng.SuiteRunnerWorker.runSuite(SuiteRunnerWorker.java:52)
[TestNG] 	at org.testng.SuiteRunnerWorker.run(SuiteRunnerWorker.java:84)
[TestNG] 	at org.testng.TestNG.runSuitesSequentially(TestNG.java:1208)
[TestNG] 	at org.testng.TestNG.runSuitesLocally(TestNG.java:1137)
[TestNG] 	at org.testng.TestNG.runSuites(TestNG.java:1049)
[TestNG] 	at org.testng.TestNG.run(TestNG.java:1017)
[TestNG] 	at org.apache.maven.surefire.testng.TestNGExecutor.run(TestNGExecutor.java:324)
[TestNG] 	at org.apache.maven.surefire.testng.TestNGXmlTestSuite.execute(TestNGXmlTestSuite.java:74)
[TestNG] 	at org.apache.maven.surefire.testng.TestNGProvider.invoke(TestNGProvider.java:123)
[TestNG] 	at org.apache.maven.surefire.booter.ForkedBooter.runSuitesInProcess(ForkedBooter.java:456)
[TestNG] 	at org.apache.maven.surefire.booter.ForkedBooter.execute(ForkedBooter.java:169)
[TestNG] 	at org.apache.maven.surefire.booter.ForkedBooter.run(ForkedBooter.java:595)
[TestNG] 	at org.apache.maven.surefire.booter.ForkedBooter.main(ForkedBooter.java:581)
[TestNG] INVOKING: "Test1" - WaveKart.placeOrder()
[TestNG] FAILED: "Test1" - WaveKart.placeOrder() finished in 102163 ms
[TestNG] org.openqa.selenium.NoSuchElementException: no such element: Unable to locate element: {"method":"xpath","selector":"//a[@name='Login']"}
[TestNG]   (Session info: chrome=100.0.4896.75)
[TestNG] For documentation on this error, please visit: https://www.seleniumhq.org/exceptions/no_such_element.html
[TestNG] Build info: version: '3.141.59', revision: 'e82be7d358', time: '2018-11-14T08:17:03'
[TestNG] System info: host: 'PSPLHYLTDL0065', ip: '172.16.3.145', os.name: 'Windows 11', os.arch: 'amd64', os.version: '10.0', java.version: '11.0.14.1'
[TestNG] Driver info: org.openqa.selenium.chrome.ChromeDriver
[TestNG] Capabilities {acceptInsecureCerts: false, browserName: chrome, browserVersion: 100.0.4896.75, chrome: {chromedriverVersion: 100.0.4896.60 (6a5d10861ce8..., userDataDir: C:\Users\TEJASW~1\AppData\L...}, goog:chromeOptions: {debuggerAddress: localhost:63424}, javascriptEnabled: true, networkConnectionEnabled: false, pageLoadStrategy: normal, platform: WINDOWS, platformName: WINDOWS, proxy: Proxy(), setWindowRect: true, strictFileInteractability: false, timeouts: {implicit: 0, pageLoad: 300000, script: 30000}, unhandledPromptBehavior: dismiss and notify, webauthn:extension:credBlob: true, webauthn:extension:largeBlob: true, webauthn:virtualAuthenticators: true}
[TestNG] Session ID: 5ee7e031b85c9442de8bfa9d4319050e
[TestNG] *** Element info: {Using=xpath, value=//a[@name='Login']}
[TestNG] 	at java.base/jdk.internal.reflect.NativeConstructorAccessorImpl.newInstance0(Native Method)
[TestNG] 	at java.base/jdk.internal.reflect.NativeConstructorAccessorImpl.newInstance(NativeConstructorAccessorImpl.java:62)
[TestNG] 	at java.base/jdk.internal.reflect.DelegatingConstructorAccessorImpl.newInstance(DelegatingConstructorAccessorImpl.java:45)
[TestNG] 	at java.base/java.lang.reflect.Constructor.newInstance(Constructor.java:490)
[TestNG] 	at org.openqa.selenium.remote.http.W3CHttpResponseCodec.createException(W3CHttpResponseCodec.java:187)
[TestNG] 	at org.openqa.selenium.remote.http.W3CHttpResponseCodec.decode(W3CHttpResponseCodec.java:122)
[TestNG] 	at org.openqa.selenium.remote.http.W3CHttpResponseCodec.decode(W3CHttpResponseCodec.java:49)
[TestNG] 	at org.openqa.selenium.remote.HttpCommandExecutor.execute(HttpCommandExecutor.java:158)
[TestNG] 	at org.openqa.selenium.remote.service.DriverCommandExecutor.execute(DriverCommandExecutor.java:83)
[TestNG] 	at org.openqa.selenium.remote.RemoteWebDriver.execute(RemoteWebDriver.java:552)
[TestNG] 	at org.openqa.selenium.remote.RemoteWebDriver.findElement(RemoteWebDriver.java:323)
[TestNG] 	at org.openqa.selenium.remote.RemoteWebDriver.findElementByXPath(RemoteWebDriver.java:428)
[TestNG] 	at org.openqa.selenium.By$ByXPath.findElement(By.java:353)
[TestNG] 	at org.openqa.selenium.remote.RemoteWebDriver.findElement(RemoteWebDriver.java:315)
[TestNG] 	at WaveKart.placeOrder(WaveKart.java:200)
[TestNG] 	at java.base/jdk.internal.reflect.NativeMethodAccessorImpl.invoke0(Native Method)
[TestNG] 	at java.base/jdk.internal.reflect.NativeMethodAccessorImpl.invoke(NativeMethodAccessorImpl.java:62)
[TestNG] 	at java.base/jdk.internal.reflect.DelegatingMethodAccessorImpl.invoke(DelegatingMethodAccessorImpl.java:43)
[TestNG] 	at java.base/java.lang.reflect.Method.invoke(Method.java:566)
[TestNG] 	at org.testng.internal.MethodInvocationHelper.invokeMethod(MethodInvocationHelper.java:124)
[TestNG] 	at org.testng.internal.Invoker.invokeMethod(Invoker.java:583)
[TestNG] 	at org.testng.internal.Invoker.invokeTestMethod(Invoker.java:719)
[TestNG] 	at org.testng.internal.Invoker.invokeTestMethods(Invoker.java:989)
[TestNG] 	at org.testng.internal.TestMethodWorker.invokeTestMethods(TestMethodWorker.java:125)
[TestNG] 	at org.testng.internal.TestMethodWorker.run(TestMethodWorker.java:109)
[TestNG] 	at org.testng.TestRunner.privateRun(TestRunner.java:648)
[TestNG] 	at org.testng.TestRunner.run(TestRunner.java:505)
[TestNG] 	at org.testng.SuiteRunner.runTest(SuiteRunner.java:455)
[TestNG] 	at org.testng.SuiteRunner.runSequentially(SuiteRunner.java:450)
[TestNG] 	at org.testng.SuiteRunner.privateRun(SuiteRunner.java:415)
[TestNG] 	at org.testng.SuiteRunner.run(SuiteRunner.java:364)
[TestNG] 	at org.testng.SuiteRunnerWorker.runSuite(SuiteRunnerWorker.java:52)
[TestNG] 	at org.testng.SuiteRunnerWorker.run(SuiteRunnerWorker.java:84)
[TestNG] 	at org.testng.TestNG.runSuitesSequentially(TestNG.java:1208)
[TestNG] 	at org.testng.TestNG.runSuitesLocally(TestNG.java:1137)
[TestNG] 	at org.testng.TestNG.runSuites(TestNG.java:1049)
[TestNG] 	at org.testng.TestNG.run(TestNG.java:1017)
[TestNG] 	at org.apache.maven.surefire.testng.TestNGExecutor.run(TestNGExecutor.java:324)
[TestNG] 	at org.apache.maven.surefire.testng.TestNGXmlTestSuite.execute(TestNGXmlTestSuite.java:74)
[TestNG] 	at org.apache.maven.surefire.testng.TestNGProvider.invoke(TestNGProvider.java:123)
[TestNG] 	at org.apache.maven.surefire.booter.ForkedBooter.runSuitesInProcess(ForkedBooter.java:456)
[TestNG] 	at org.apache.maven.surefire.booter.ForkedBooter.execute(ForkedBooter.java:169)
[TestNG] 	at org.apache.maven.surefire.booter.ForkedBooter.run(ForkedBooter.java:595)
[TestNG] 	at org.apache.maven.surefire.booter.ForkedBooter.main(ForkedBooter.java:581)
[TestNG] INVOKING: "Test1" - WaveKart.searchBar()
[TestNG] FAILED: "Test1" - WaveKart.searchBar() finished in 1557 ms
[TestNG] org.openqa.selenium.WebDriverException: unknown error: failed to change window state to 'normal', current state is 'maximized'
[TestNG]   (Session info: chrome=100.0.4896.75)
[TestNG] Build info: version: '3.141.59', revision: 'e82be7d358', time: '2018-11-14T08:17:03'
[TestNG] System info: host: 'PSPLHYLTDL0065', ip: '172.16.3.145', os.name: 'Windows 11', os.arch: 'amd64', os.version: '10.0', java.version: '11.0.14.1'
[TestNG] Driver info: org.openqa.selenium.chrome.ChromeDriver
[TestNG] Capabilities {acceptInsecureCerts: false, browserName: chrome, browserVersion: 100.0.4896.75, chrome: {chromedriverVersion: 100.0.4896.60 (6a5d10861ce8..., userDataDir: C:\Users\TEJASW~1\AppData\L...}, goog:chromeOptions: {debuggerAddress: localhost:63424}, javascriptEnabled: true, networkConnectionEnabled: false, pageLoadStrategy: normal, platform: WINDOWS, platformName: WINDOWS, proxy: Proxy(), setWindowRect: true, strictFileInteractability: false, timeouts: {implicit: 0, pageLoad: 300000, script: 30000}, unhandledPromptBehavior: dismiss and notify, webauthn:extension:credBlob: true, webauthn:extension:largeBlob: true, webauthn:virtualAuthenticators: true}
[TestNG] Session ID: 5ee7e031b85c9442de8bfa9d4319050e
[TestNG] 	at java.base/jdk.internal.reflect.NativeConstructorAccessorImpl.newInstance0(Native Method)
[TestNG] 	at java.base/jdk.internal.reflect.NativeConstructorAccessorImpl.newInstance(NativeConstructorAccessorImpl.java:62)
[TestNG] 	at java.base/jdk.internal.reflect.DelegatingConstructorAccessorImpl.newInstance(DelegatingConstructorAccessorImpl.java:45)
[TestNG] 	at java.base/java.lang.reflect.Constructor.newInstance(Constructor.java:490)
[TestNG] 	at org.openqa.selenium.remote.http.W3CHttpResponseCodec.createException(W3CHttpResponseCodec.java:187)
[TestNG] 	at org.openqa.selenium.remote.http.W3CHttpResponseCodec.decode(W3CHttpResponseCodec.java:122)
[TestNG] 	at org.openqa.selenium.remote.http.W3CHttpResponseCodec.decode(W3CHttpResponseCodec.java:49)
[TestNG] 	at org.openqa.selenium.remote.HttpCommandExecutor.execute(HttpCommandExecutor.java:158)
[TestNG] 	at org.openqa.selenium.remote.service.DriverCommandExecutor.execute(DriverCommandExecutor.java:83)
[TestNG] 	at org.openqa.selenium.remote.RemoteWebDriver.execute(RemoteWebDriver.java:552)
[TestNG] 	at org.openqa.selenium.remote.RemoteWebDriver.execute(RemoteWebDriver.java:609)
[TestNG] 	at org.openqa.selenium.remote.RemoteWebDriver$RemoteWebDriverOptions$RemoteWindow.maximize(RemoteWebDriver.java:837)
[TestNG] 	at WaveKart.searchBar(WaveKart.java:38)
[TestNG] 	at java.base/jdk.internal.reflect.NativeMethodAccessorImpl.invoke0(Native Method)
[TestNG] 	at java.base/jdk.internal.reflect.NativeMethodAccessorImpl.invoke(NativeMethodAccessorImpl.java:62)
[TestNG] 	at java.base/jdk.internal.reflect.DelegatingMethodAccessorImpl.invoke(DelegatingMethodAccessorImpl.java:43)
[TestNG] 	at java.base/java.lang.reflect.Method.invoke(Method.java:566)
[TestNG] 	at org.testng.internal.MethodInvocationHelper.invokeMethod(MethodInvocationHelper.java:124)
[TestNG] 	at org.testng.internal.Invoker.invokeMethod(Invoker.java:583)
[TestNG] 	at org.testng.internal.Invoker.invokeTestMethod(Invoker.java:719)
[TestNG] 	at org.testng.internal.Invoker.invokeTestMethods(Invoker.java:989)
[TestNG] 	at org.testng.internal.TestMethodWorker.invokeTestMethods(TestMethodWorker.java:125)
[TestNG] 	at org.testng.internal.TestMethodWorker.run(TestMethodWorker.java:109)
[TestNG] 	at org.testng.TestRunner.privateRun(TestRunner.java:648)
[TestNG] 	at org.testng.TestRunner.run(TestRunner.java:505)
[TestNG] 	at org.testng.SuiteRunner.runTest(SuiteRunner.java:455)
[TestNG] 	at org.testng.SuiteRunner.runSequentially(SuiteRunner.java:450)
[TestNG] 	at org.testng.SuiteRunner.privateRun(SuiteRunner.java:415)
[TestNG] 	at org.testng.SuiteRunner.run(SuiteRunner.java:364)
[TestNG] 	at org.testng.SuiteRunnerWorker.runSuite(SuiteRunnerWorker.java:52)
[TestNG] 	at org.testng.SuiteRunnerWorker.run(SuiteRunnerWorker.java:84)
[TestNG] 	at org.testng.TestNG.runSuitesSequentially(TestNG.java:1208)
[TestNG] 	at org.testng.TestNG.runSuitesLocally(TestNG.java:1137)
[TestNG] 	at org.testng.TestNG.runSuites(TestNG.java:1049)
[TestNG] 	at org.testng.TestNG.run(TestNG.java:1017)
[TestNG] 	at org.apache.maven.surefire.testng.TestNGExecutor.run(TestNGExecutor.java:324)
[TestNG] 	at org.apache.maven.surefire.testng.TestNGXmlTestSuite.execute(TestNGXmlTestSuite.java:74)
[TestNG] 	at org.apache.maven.surefire.testng.TestNGProvider.invoke(TestNGProvider.java:123)
[TestNG] 	at org.apache.maven.surefire.booter.ForkedBooter.runSuitesInProcess(ForkedBooter.java:456)
[TestNG] 	at org.apache.maven.surefire.booter.ForkedBooter.execute(ForkedBooter.java:169)
[TestNG] 	at org.apache.maven.surefire.booter.ForkedBooter.run(ForkedBooter.java:595)
[TestNG] 	at org.apache.maven.surefire.booter.ForkedBooter.main(ForkedBooter.java:581)
[TestNG] INVOKING: "Test1" - WaveKart.sortHighToLow()
[]
YES PRODUCTS ARE SORTED FROM HIGH TO LOW ACCORDING TO PRICE
]]></system-out>
  </testcase>
</testsuite>